2018-08-27T12:23:08.983-0500 I CONTROL  [initandlisten] MongoDB starting : pid=21376 port=27017 dbpath=/Users/philippewinter/Documents/Fuelquote/mongodb-osx-x86_64-4.0.1/data/db 64-bit host=Philippes-MacBook-Pro.local
2018-08-27T12:23:08.983-0500 I CONTROL  [initandlisten] db version v4.0.1
2018-08-27T12:23:08.983-0500 I CONTROL  [initandlisten] git version: 54f1582fc6eb01de4d4c42f26fc133e623f065fb
2018-08-27T12:23:08.983-0500 I CONTROL  [initandlisten] allocator: system
2018-08-27T12:23:08.983-0500 I CONTROL  [initandlisten] modules: none
2018-08-27T12:23:08.983-0500 I CONTROL  [initandlisten] build environment:
2018-08-27T12:23:08.983-0500 I CONTROL  [initandlisten]     distarch: x86_64
2018-08-27T12:23:08.983-0500 I CONTROL  [initandlisten]     target_arch: x86_64
2018-08-27T12:23:08.984-0500 I CONTROL  [initandlisten] options: { storage: { dbPath: "/Users/philippewinter/Documents/Fuelquote/mongodb-osx-x86_64-4.0.1/data/db", directoryPerDB: true }, systemLog: { destination: "file", logAppend: true, path: "/Users/philippewinter/Documents/Fuelquote/mongodb-osx-x86_64-4.0.1/log/mongo.log" } }
2018-08-27T12:23:08.990-0500 I STORAGE  [initandlisten] wiredtiger_open config: create,cache_size=3584M,session_max=20000,eviction=(threads_min=4,threads_max=4),config_base=false,statistics=(fast),log=(enabled=true,archive=true,path=journal,compressor=snappy),file_manager=(close_idle_time=100000),statistics_log=(wait=0),verbose=(recovery_progress),
2018-08-27T12:23:09.708-0500 I STORAGE  [initandlisten] WiredTiger message [1535390589:708003][21376:0x7fffb41f9380], txn-recover: Set global recovery timestamp: 0
2018-08-27T12:23:09.802-0500 I RECOVERY [initandlisten] WiredTiger recoveryTimestamp. Ts: Timestamp(0, 0)
2018-08-27T12:23:09.922-0500 I CONTROL  [initandlisten] 
2018-08-27T12:23:09.922-0500 I CONTROL  [initandlisten] ** WARNING: Access control is not enabled for the database.
2018-08-27T12:23:09.922-0500 I CONTROL  [initandlisten] **          Read and write access to data and configuration is unrestricted.
2018-08-27T12:23:09.922-0500 I CONTROL  [initandlisten] 
2018-08-27T12:23:09.922-0500 I CONTROL  [initandlisten] ** WARNING: This server is bound to localhost.
2018-08-27T12:23:09.922-0500 I CONTROL  [initandlisten] **          Remote systems will be unable to connect to this server. 
2018-08-27T12:23:09.922-0500 I CONTROL  [initandlisten] **          Start the server with --bind_ip <address> to specify which IP 
2018-08-27T12:23:09.922-0500 I CONTROL  [initandlisten] **          addresses it should serve responses from, or with --bind_ip_all to
2018-08-27T12:23:09.922-0500 I CONTROL  [initandlisten] **          bind to all interfaces. If this behavior is desired, start the
2018-08-27T12:23:09.922-0500 I CONTROL  [initandlisten] **          server with --bind_ip 127.0.0.1 to disable this warning.
2018-08-27T12:23:09.922-0500 I CONTROL  [initandlisten] 
2018-08-27T12:23:09.922-0500 I CONTROL  [initandlisten] 
2018-08-27T12:23:09.922-0500 I CONTROL  [initandlisten] ** WARNING: soft rlimits too low. Number of files is 256, should be at least 1000
2018-08-27T12:23:09.941-0500 I STORAGE  [initandlisten] createCollection: admin.system.version with provided UUID: 991173e1-9a43-4d3a-adb2-ca68b610e2f5
2018-08-27T12:23:10.024-0500 I COMMAND  [initandlisten] setting featureCompatibilityVersion to 4.0
2018-08-27T12:23:10.049-0500 I STORAGE  [initandlisten] createCollection: local.startup_log with generated UUID: f5755227-1598-461e-a9f7-7f5db6cc61cc
2018-08-27T12:23:10.120-0500 I FTDC     [initandlisten] Initializing full-time diagnostic data capture with directory '/Users/philippewinter/Documents/Fuelquote/mongodb-osx-x86_64-4.0.1/data/db/diagnostic.data'
2018-08-27T12:23:10.126-0500 I NETWORK  [initandlisten] waiting for connections on port 27017
2018-08-27T12:23:10.129-0500 I STORAGE  [LogicalSessionCacheRefresh] createCollection: config.system.sessions with generated UUID: 14224ac6-1fe4-4def-b0ba-c5bfc9a9d8b0
2018-08-27T12:23:10.250-0500 I INDEX    [LogicalSessionCacheRefresh] build index on: config.system.sessions properties: { v: 2, key: { lastUse: 1 }, name: "lsidTTLIndex", ns: "config.system.sessions", expireAfterSeconds: 1800 }
2018-08-27T12:23:10.251-0500 I INDEX    [LogicalSessionCacheRefresh] 	 building index using bulk method; build may temporarily use up to 500 megabytes of RAM
2018-08-27T12:23:10.262-0500 I INDEX    [LogicalSessionCacheRefresh] build index done.  scanned 0 total records. 0 secs
2018-08-27T12:23:10.280-0500 I COMMAND  [LogicalSessionCacheRefresh] command config.$cmd command: createIndexes { createIndexes: "system.sessions", indexes: [ { key: { lastUse: 1 }, name: "lsidTTLIndex", expireAfterSeconds: 1800 } ], $db: "config" } numYields:0 reslen:114 locks:{ Global: { acquireCount: { r: 1, w: 1 } }, Database: { acquireCount: { W: 1 } }, Collection: { acquireCount: { w: 1 } } } protocol:op_msg 134ms
2018-08-27T12:31:22.278-0500 I NETWORK  [listener] connection accepted from 127.0.0.1:57923 #1 (1 connection now open)
2018-08-27T12:31:22.280-0500 I NETWORK  [conn1] received client metadata from 127.0.0.1:57923 conn1: { application: { name: "MongoDB Shell" }, driver: { name: "MongoDB Internal Client", version: "4.0.1" }, os: { type: "Darwin", name: "Mac OS X", architecture: "x86_64", version: "17.7.0" } }
